<?xml version="1.0" encoding="UTF-8"?>
<coverage generated="1773971343672" clover="3.2.0">
  <project timestamp="1773971343672" name="All files">
    <metrics statements="19" coveredstatements="19" conditionals="17" coveredconditionals="15" methods="3" coveredmethods="3" elements="39" coveredelements="37" complexity="0" loc="19" ncloc="19" packages="1" files="1" classes="1"/>
    <file name="contactParser.ts" path="/Users/prabhatranjan/Business/cardScanner/business-card-scanner/CardScannerApp/src/utils/contactParser.ts">
      <metrics statements="19" coveredstatements="19" conditionals="17" coveredconditionals="15" methods="3" coveredmethods="3"/>
      <line num="2" count="1" type="stmt"/>
      <line num="3" count="8" type="stmt"/>
      <line num="6" count="8" type="stmt"/>
      <line num="7" count="8" type="cond" truecount="2" falsecount="0"/>
      <line num="9" count="8" type="stmt"/>
      <line num="10" count="8" type="cond" truecount="2" falsecount="0"/>
      <line num="13" count="8" type="stmt"/>
      <line num="14" count="8" type="cond" truecount="2" falsecount="0"/>
      <line num="16" count="2" type="stmt"/>
      <line num="17" count="5" type="stmt"/>
      <line num="18" count="2" type="cond" truecount="1" falsecount="1"/>
      <line num="22" count="25" type="stmt"/>
      <line num="23" count="8" type="cond" truecount="2" falsecount="0"/>
      <line num="24" count="7" type="stmt"/>
      <line num="25" count="7" type="cond" truecount="4" falsecount="1"/>
      <line num="26" count="7" type="stmt"/>
      <line num="31" count="8" type="stmt"/>
      <line num="32" count="8" type="cond" truecount="2" falsecount="0"/>
      <line num="34" count="8" type="stmt"/>
    </file>
  </project>
</coverage>
