{"/Users/prabhatranjan/Business/cardScanner/business-card-scanner/CardScannerApp/src/utils/contactParser.ts": {"path":"/Users/prabhatranjan/Business/cardScanner/business-card-scanner/CardScannerApp/src/utils/contactParser.ts","statementMap":{"0":{"start":{"line":2,"column":32},"end":{"line":35,"column":1}},"1":{"start":{"line":3,"column":28},"end":{"line":3,"column":30}},"2":{"start":{"line":6,"column":21},"end":{"line":6,"column":81}},"3":{"start":{"line":7,"column":2},"end":{"line":7,"column":45}},"4":{"start":{"line":7,"column":18},"end":{"line":7,"column":45}},"5":{"start":{"line":9,"column":21},"end":{"line":9,"column":92}},"6":{"start":{"line":10,"column":2},"end":{"line":10,"column":45}},"7":{"start":{"line":10,"column":18},"end":{"line":10,"column":45}},"8":{"start":{"line":13,"column":23},"end":{"line":13,"column":83}},"9":{"start":{"line":14,"column":2},"end":{"line":19,"column":3}},"10":{"start":{"line":16,"column":18},"end":{"line":16,"column":34}},"11":{"start":{"line":17,"column":24},"end":{"line":17,"column":74}},"12":{"start":{"line":17,"column":43},"end":{"line":17,"column":73}},"13":{"start":{"line":18,"column":4},"end":{"line":18,"column":55}},"14":{"start":{"line":18,"column":21},"end":{"line":18,"column":55}},"15":{"start":{"line":22,"column":16},"end":{"line":22,"column":67}},"16":{"start":{"line":22,"column":48},"end":{"line":22,"column":66}},"17":{"start":{"line":23,"column":2},"end":{"line":28,"column":3}},"18":{"start":{"line":24,"column":22},"end":{"line":24,"column":37}},"19":{"start":{"line":25,"column":4},"end":{"line":27,"column":5}},"20":{"start":{"line":26,"column":6},"end":{"line":26,"column":28}},"21":{"start":{"line":31,"column":23},"end":{"line":31,"column":138}},"22":{"start":{"line":32,"column":2},"end":{"line":32,"column":51}},"23":{"start":{"line":32,"column":20},"end":{"line":32,"column":51}},"24":{"start":{"line":34,"column":2},"end":{"line":34,"column":14}}},"fnMap":{"0":{"name":"(anonymous_0)","decl":{"start":{"line":2,"column":32},"end":{"line":2,"column":33}},"loc":{"start":{"line":2,"column":63},"end":{"line":35,"column":1}},"line":2},"1":{"name":"(anonymous_1)","decl":{"start":{"line":17,"column":35},"end":{"line":17,"column":36}},"loc":{"start":{"line":17,"column":43},"end":{"line":17,"column":73}},"line":17},"2":{"name":"(anonymous_2)","decl":{"start":{"line":22,"column":40},"end":{"line":22,"column":41}},"loc":{"start":{"line":22,"column":48},"end":{"line":22,"column":66}},"line":22}},"branchMap":{"0":{"loc":{"start":{"line":7,"column":2},"end":{"line":7,"column":45}},"type":"if","locations":[{"start":{"line":7,"column":2},"end":{"line":7,"column":45}},{"start":{},"end":{}}],"line":7},"1":{"loc":{"start":{"line":10,"column":2},"end":{"line":10,"column":45}},"type":"if","locations":[{"start":{"line":10,"column":2},"end":{"line":10,"column":45}},{"start":{},"end":{}}],"line":10},"2":{"loc":{"start":{"line":14,"column":2},"end":{"line":19,"column":3}},"type":"if","locations":[{"start":{"line":14,"column":2},"end":{"line":19,"column":3}},{"start":{},"end":{}}],"line":14},"3":{"loc":{"start":{"line":18,"column":4},"end":{"line":18,"column":55}},"type":"if","locations":[{"start":{"line":18,"column":4},"end":{"line":18,"column":55}},{"start":{},"end":{}}],"line":18},"4":{"loc":{"start":{"line":23,"column":2},"end":{"line":28,"column":3}},"type":"if","locations":[{"start":{"line":23,"column":2},"end":{"line":28,"column":3}},{"start":{},"end":{}}],"line":23},"5":{"loc":{"start":{"line":25,"column":4},"end":{"line":27,"column":5}},"type":"if","locations":[{"start":{"line":25,"column":4},"end":{"line":27,"column":5}},{"start":{},"end":{}}],"line":25},"6":{"loc":{"start":{"line":25,"column":8},"end":{"line":25,"column":85}},"type":"binary-expr","locations":[{"start":{"line":25,"column":8},"end":{"line":25,"column":29}},{"start":{"line":25,"column":33},"end":{"line":25,"column":57}},{"start":{"line":25,"column":61},"end":{"line":25,"column":85}}],"line":25},"7":{"loc":{"start":{"line":32,"column":2},"end":{"line":32,"column":51}},"type":"if","locations":[{"start":{"line":32,"column":2},"end":{"line":32,"column":51}},{"start":{},"end":{}}],"line":32}},"s":{"0":1,"1":8,"2":8,"3":8,"4":6,"5":8,"6":8,"7":2,"8":8,"9":8,"10":2,"11":2,"12":5,"13":2,"14":2,"15":8,"16":25,"17":8,"18":7,"19":7,"20":7,"21":8,"22":8,"23":2,"24":8},"f":{"0":8,"1":5,"2":25},"b":{"0":[6,2],"1":[2,6],"2":[2,6],"3":[2,0],"4":[7,1],"5":[7,0],"6":[7,7,7],"7":[2,6]},"_coverageSchema":"1a1c01bbd47fc00a2c39e90264f33305004495a9","hash":"1f2fc4700022dff1d27d61122bcd442bde8e3a46"}
}
