TN:
SF:src/utils/contactParser.ts
FN:2,(anonymous_0)
FN:17,(anonymous_1)
FN:22,(anonymous_2)
FNF:3
FNH:3
FNDA:8,(anonymous_0)
FNDA:5,(anonymous_1)
FNDA:25,(anonymous_2)
DA:2,1
DA:3,8
DA:6,8
DA:7,8
DA:9,8
DA:10,8
DA:13,8
DA:14,8
DA:16,2
DA:17,5
DA:18,2
DA:22,25
DA:23,8
DA:24,7
DA:25,7
DA:26,7
DA:31,8
DA:32,8
DA:34,8
LF:19
LH:19
BRDA:7,0,0,6
BRDA:7,0,1,2
BRDA:10,1,0,2
BRDA:10,1,1,6
BRDA:14,2,0,2
BRDA:14,2,1,6
BRDA:18,3,0,2
BRDA:18,3,1,0
BRDA:23,4,0,7
BRDA:23,4,1,1
BRDA:25,5,0,7
BRDA:25,5,1,0
BRDA:25,6,0,7
BRDA:25,6,1,7
BRDA:25,6,2,7
BRDA:32,7,0,2
BRDA:32,7,1,6
BRF:17
BRH:15
end_of_record
